<?xml version='1.0' encoding='UTF-8'?>
<testsuite hostname="MSI" name="funlang.ExecTests" tests="30" errors="0" failures="0" skipped="0" time="0.263" timestamp="2020-11-03T15:12:30">
                     <properties>
      <property name="awt.toolkit" value="sun.awt.windows.WToolkit"/><property name="java.specification.version" value="11"/><property name="sun.cpu.isalist" value="amd64"/><property name="sun.jnu.encoding" value="Cp1252"/><property name="sun.arch.data.model" value="64"/><property name="java.vendor.url" value="http://java.oracle.com/"/><property name="sun.boot.library.path" value="C:\Users\tride\Downloads\jdk-11\bin"/><property name="sun.java.command" value="xsbt.boot.Boot test"/><property name="jdk.debug" value="release"/><property name="sun.stderr.encoding" value="cp437"/><property name="java.specification.vendor" value="Oracle Corporation"/><property name="java.version.date" value="2018-09-25"/><property name="java.home" value="C:\Users\tride\Downloads\jdk-11"/><property name="file.separator" value="\"/><property name="java.vm.compressedOopsMode" value="32-bit"/><property name="line.separator" value="
"/><property name="sun.stdout.encoding" value="cp437"/><property name="java.specification.name" value="Java Platform API Specification"/><property name="java.vm.specification.vendor" value="Oracle Corporation"/><property name="user.script" value=""/><property name="sun.management.compiler" value="HotSpot 64-Bit Tiered Compilers"/><property name="java.runtime.version" value="11+28"/><property name="user.name" value="tride"/><property name="log4j.ignoreTCL" value="true"/><property name="file.encoding" value="UTF-8"/><property name="java.vendor.version" value="18.9"/><property name="java.io.tmpdir" value="C:\Users\tride\AppData\Local\Temp\"/><property name="java.version" value="11"/><property name="java.vm.specification.name" value="Java Virtual Machine Specification"/><property name="java.awt.printerjob" value="sun.awt.windows.WPrinterJob"/><property name="sun.os.patch.level" value=""/><property name="java.library.path" value="C:\Users\tride\Downloads\jdk-11\bin;C:\Windows\Sun\Java\bin;C:\Windows\system32;C:\Windows;C:\Users\tride\Downloads\jdk-11\bin;C:\Program Files (x86)\Intel\iCLS Client\;C:\Program Files\Intel\iCLS Client\;C:\Windows\system32;C:\Windows;C:\Windows\System32\Wbem;C:\Windows\System32\WindowsPowerShell\v1.0\;C:\Program Files (x86)\Intel\Intel(R) Management Engine Components\DAL;C:\Program Files\Intel\Intel(R) Management Engine Components\DAL;C:\Program Files (x86)\Intel\Intel(R) Management Engine Components\IPT;C:\Program Files\Intel\Intel(R) Management Engine Components\IPT;C:\Program Files\Intel\WiFi\bin\;C:\Program Files\Common Files\Intel\WirelessCommon\;C:\Windows\system32;C:\Windows;C:\Windows\System32\Wbem;C:\Windows\System32\WindowsPowerShell\v1.0\;C:\Windows\System32\OpenSSH\;C:\Users\tride\Downloads\sbt\bin;C:\Program Files\nodejs\;C:\Program Files\Git\cmd;C:\Program Files (x86)\sbt\bin;C:\Program Files (x86)\scala\bin;C:\Program Files (x86)\NVIDIA Corporation\PhysX\Common;C:\Program Files\NVIDIA Corporation\NVIDIA NvDLISR;C:\Users\tride\Downloads\jdk-11\bin;C:\Users\tride\Downloads\jdk-11\bin;C:\Users\tride\AppData\Local\Microsoft\WindowsApps;C:\Users\tride\AppData\Local\Programs\Microsoft VS Code\bin;C:\Users\tride\AppData\Local\GitHubDesktop\bin;C:\Users\tride\AppData\Roaming\npm;;."/><property name="java.vendor" value="Oracle Corporation"/><property name="scala.ext.dirs" value="C:\Users\tride\.sbt\0.13\java9-rt-ext-oracle_corporation_11"/><property name="sun.io.unicode.encoding" value="UnicodeLittle"/><property name="sun.desktop" value="windows"/><property name="java.class.path" value="C:\Program Files (x86)\sbt\\bin\sbt-launch.jar"/><property name="java.vm.vendor" value="Oracle Corporation"/><property name="user.variant" value=""/><property name="jline.shutdownhook" value="false"/><property name="user.timezone" value="Australia/Sydney"/><property name="os.name" value="Windows 10"/><property name="java.vm.specification.version" value="11"/><property name="sun.java.launcher" value="SUN_STANDARD"/><property name="user.country" value="MY"/><property name="sun.cpu.endian" value="little"/><property name="user.home" value="C:\Users\tride"/><property name="user.language" value="en"/><property name="swoval.tmpdir" value="C:\Users\tride\.sbt\1.0"/><property name="java.awt.graphicsenv" value="sun.awt.Win32GraphicsEnvironment"/><property name="jline.esc.timeout" value="0"/><property name="path.separator" value=";"/><property name="os.version" value="10.0"/><property name="jna.nosys" value="true"/><property name="java.runtime.name" value="OpenJDK Runtime Environment"/><property name="java.vm.name" value="OpenJDK 64-Bit Server VM"/><property name="java.vendor.url.bug" value="http://bugreport.java.com/bugreport/"/><property name="user.dir" value="D:\newStudyFolder\Semester_4\Programming Languages(COMP3000)\Ass\ASS3"/><property name="os.arch" value="amd64"/><property name="java.vm.info" value="mixed mode"/><property name="java.vm.version" value="11+28"/><property name="java.class.version" value="55.0"/>
    </properties>
                     <testcase classname="funlang.ExecTests" name="an integer expression evaluates to the correct result" time="0.079">
                                                 
                                               </testcase><testcase classname="funlang.ExecTests" name="an addition expression evaluates to the correct result" time="0.002">
                                                 
                                               </testcase><testcase classname="funlang.ExecTests" name="a true expression evaluates to the correct result" time="0.004">
                                                 
                                               </testcase><testcase classname="funlang.ExecTests" name="a false expression evaluates to the correct result" time="0.001">
                                                 
                                               </testcase><testcase classname="funlang.ExecTests" name="a subtraction expression evaluates to the correct result" time="0.002">
                                                 
                                               </testcase><testcase classname="funlang.ExecTests" name="a multiplication expression evaluates to the correct result" time="0.002">
                                                 
                                               </testcase><testcase classname="funlang.ExecTests" name="a division expression evaluates to the correct result" time="0.002">
                                                 
                                               </testcase><testcase classname="funlang.ExecTests" name="an equality expression evaluates to the correct result (true)" time="0.002">
                                                 
                                               </testcase><testcase classname="funlang.ExecTests" name="an equality expression evaluates to the correct result (false)" time="0.001">
                                                 
                                               </testcase><testcase classname="funlang.ExecTests" name="a less-than expression evaluates to the correct result (true)" time="0.002">
                                                 
                                               </testcase><testcase classname="funlang.ExecTests" name="a less-than expression evaluates to the correct result (false)" time="0.003">
                                                 
                                               </testcase><testcase classname="funlang.ExecTests" name="a multi-operator expression evaluates to the correct result" time="0.004">
                                                 
                                               </testcase><testcase classname="funlang.ExecTests" name="simple expression evaluates to the correct result" time="0.004">
                                                 
                                               </testcase><testcase classname="funlang.ExecTests" name="10 is not &lt; 2" time="0.002">
                                                 
                                               </testcase><testcase classname="funlang.ExecTests" name="10 is &lt; 20" time="0.001">
                                                 
                                               </testcase><testcase classname="funlang.ExecTests" name="10 is not == 2" time="0.002">
                                                 
                                               </testcase><testcase classname="funlang.ExecTests" name="10 is == 10" time="0.003">
                                                 
                                               </testcase><testcase classname="funlang.ExecTests" name="evaluation of operators is in the correct order" time="0.039">
                                                 
                                               </testcase><testcase classname="funlang.ExecTests" name="an if expression evaluates to the correct result" time="0.008">
                                                 
                                               </testcase><testcase classname="funlang.ExecTests" name="a true less-than condition evaluates to the correct result" time="0.003">
                                                 
                                               </testcase><testcase classname="funlang.ExecTests" name="a false less-than condition evaluates to the correct result" time="0.003">
                                                 
                                               </testcase><testcase classname="funlang.ExecTests" name="a false equal condition evaluates to the correct result" time="0.003">
                                                 
                                               </testcase><testcase classname="funlang.ExecTests" name="a true equal condition evaluates to the correct result" time="0.003">
                                                 
                                               </testcase><testcase classname="funlang.ExecTests" name="a true literal condition evaluates to the correct result" time="0.003">
                                                 
                                               </testcase><testcase classname="funlang.ExecTests" name="nested if statments evaluate to the correct result" time="0.005">
                                                 
                                               </testcase><testcase classname="funlang.ExecTests" name="super-duper nested if statement" time="0.016">
                                                 
                                               </testcase><testcase classname="funlang.ExecTests" name="Testing block expressions to show they produce the right result" time="0.014">
                                                 
                                               </testcase><testcase classname="funlang.ExecTests" name="I have an If, I have a function, IfFunction!" time="0.007">
                                                 
                                               </testcase><testcase classname="funlang.ExecTests" name="I have a function, I have a function, FunctionFunction" time="0.018">
                                                 
                                               </testcase><testcase classname="funlang.ExecTests" name="I have a ifFunction, I have a FunctionFunction, IfFunction-FunctionFunction" time="0.025">
                                                 
                                               </testcase>
                     <system-out><![CDATA[]]></system-out>
                     <system-err><![CDATA[]]></system-err>
                   </testsuite>